<?xml version="1.0" encoding="UTF-8"?>
<testsuite xmlns:xsi="http://www.w3.org/2001/XMLSchema-instance" xsi:noNamespaceSchemaLocation="https://maven.apache.org/surefire/maven-surefire-plugin/xsd/surefire-test-report-3.0.xsd" version="3.0" name="com.simplane.service.BoardServiceImplTest" time="0.127" tests="2" errors="0" skipped="0" failures="0">
  <properties>
[...]
</properties>
  <testcase name="testGet" classname="com.simplane.service.BoardServiceImplTest" time="0.0">
    <system-out><![CDATA[INFO : org.springframework.test.context.support.DefaultTestContextBootstrapper - Loaded default TestExecutionListener class names from location [META-INF/spring.factories]: [org.springframework.test.context.web.ServletTestExecutionListener, org.springframework.test.context.support.DirtiesContextBeforeModesTestExecutionListener, org.springframework.test.context.support.DependencyInjectionTestExecutionListener, org.springframework.test.context.support.DirtiesContextTestExecutionListener, org.springframework.test.context.transaction.TransactionalTestExecutionListener, org.springframework.test.context.jdbc.SqlScriptsTestExecutionListener, org.springframework.test.context.event.EventPublishingTestExecutionListener]
INFO : org.springframework.test.context.support.DefaultTestContextBootstrapper - Using TestExecutionListeners: [org.springframework.test.context.web.ServletTestExecutionListener@43c57161, org.springframework.test.context.support.DirtiesContextBeforeModesTestExecutionListener@d902300, org.springframework.test.context.support.DependencyInjectionTestExecutionListener@2db33feb, org.springframework.test.context.support.DirtiesContextTestExecutionListener@30c3ae63, org.springframework.test.context.transaction.TransactionalTestExecutionListener@58658f63, org.springframework.test.context.jdbc.SqlScriptsTestExecutionListener@54e12f4c, org.springframework.test.context.event.EventPublishingTestExecutionListener@60990e5c]
INFO : com.simplane.service.BoardServiceImpl - get..........2
null
]]></system-out>
  </testcase>
  <testcase name="testGetAll" classname="com.simplane.service.BoardServiceImplTest" time="0.06">
    <system-out><![CDATA[INFO : com.simplane.service.BoardServiceImpl - getAll..........
INFO : com.simplane.service.BoardServiceImplTest - BoardVO(boardid=1, title=심리테스트, content=잘 팔렸음 좋겠다, regDate=Sun Jun 29 16:24:08 KST 2025, imagePath=null, writer=testwriter)
]]></system-out>
  </testcase>
</testsuite>